TN:
SF:/Users/marknorgate/Documents/source/turner-townsend/technical-test/src/polyfills.ts
FNF:0
FNH:0
LF:0
LH:0
BRF:0
BRH:0
end_of_record
TN:
SF:/Users/marknorgate/Documents/source/turner-townsend/technical-test/src/test.ts
FNF:0
FNH:0
DA:10,1
DA:15,1
DA:17,1
LF:3
LH:3
BRF:0
BRH:0
end_of_record
TN:
SF:/Users/marknorgate/Documents/source/turner-townsend/technical-test/src/app/app-routing.module.ts
FNF:0
FNH:0
DA:6,1
DA:22,1
LF:2
LH:2
BRF:0
BRH:0
end_of_record
TN:
SF:/Users/marknorgate/Documents/source/turner-townsend/technical-test/src/app/app.component.ts
FNF:0
FNH:0
DA:7,1
LF:1
LH:1
BRF:0
BRH:0
end_of_record
TN:
SF:/Users/marknorgate/Documents/source/turner-townsend/technical-test/src/app/core/core.module.ts
FNF:0
FNH:0
DA:46,1
LF:1
LH:1
BRF:0
BRH:0
end_of_record
TN:
SF:/Users/marknorgate/Documents/source/turner-townsend/technical-test/src/app/core/components/featured-playlists/featured-playlists.component.ts
FN:32,(anonymous_0)
FN:38,(anonymous_1)
FN:43,(anonymous_2)
FN:44,(anonymous_3)
FN:48,(anonymous_4)
FN:51,(anonymous_5)
FN:56,(anonymous_6)
FN:61,(anonymous_7)
FNF:8
FNH:6
FNDA:7,(anonymous_0)
FNDA:9,(anonymous_1)
FNDA:9,(anonymous_2)
FNDA:0,(anonymous_3)
FNDA:0,(anonymous_4)
FNDA:2,(anonymous_5)
FNDA:2,(anonymous_6)
FNDA:6,(anonymous_7)
DA:16,1
DA:18,7
DA:20,7
DA:21,7
DA:24,7
DA:25,7
DA:26,7
DA:27,7
DA:28,7
DA:33,7
DA:34,7
DA:35,7
DA:39,9
DA:41,9
DA:43,9
DA:44,0
DA:48,0
DA:52,2
DA:53,2
DA:57,2
DA:58,2
DA:62,6
DA:63,6
LF:23
LH:21
BRDA:62,0,0,6
BRDA:62,0,1,0
BRF:2
BRH:1
end_of_record
TN:
SF:/Users/marknorgate/Documents/source/turner-townsend/technical-test/src/app/core/presenters/featured-playlists-presenter/featured-playlists-presenter.component.ts
FN:5,(anonymous_0)
FN:22,(anonymous_1)
FNF:2
FNH:2
FNDA:2,(anonymous_0)
FNDA:1,(anonymous_1)
DA:11,1
DA:13,1
DA:14,1
DA:15,1
DA:16,1
DA:17,1
DA:18,2
DA:20,2
DA:23,1
LF:9
LH:9
BRF:0
BRH:0
end_of_record
TN:
SF:/Users/marknorgate/Documents/source/turner-townsend/technical-test/src/app/core/presenters/filter/filter.component.ts
FN:5,(anonymous_0)
FN:17,(anonymous_1)
FN:20,(anonymous_2)
FN:23,(anonymous_3)
FN:27,(anonymous_4)
FNF:5
FNH:5
FNDA:4,(anonymous_0)
FNDA:4,(anonymous_1)
FNDA:1,(anonymous_2)
FNDA:1,(anonymous_3)
FNDA:4,(anonymous_4)
DA:9,1
DA:11,1
DA:12,4
DA:13,1
DA:18,4
DA:20,1
DA:24,1
DA:28,4
DA:29,4
LF:9
LH:9
BRDA:28,0,0,4
BRDA:28,0,1,0
BRF:2
BRH:1
end_of_record
TN:
SF:/Users/marknorgate/Documents/source/turner-townsend/technical-test/src/app/core/services/featured-playlists.service.ts
FN:13,(anonymous_0)
FN:16,(anonymous_1)
FN:19,(anonymous_2)
FNF:3
FNH:3
FNDA:2,(anonymous_0)
FNDA:1,(anonymous_1)
FNDA:1,(anonymous_2)
DA:11,1
DA:13,2
DA:17,1
DA:19,1
LF:4
LH:4
BRF:0
BRH:0
end_of_record
TN:
SF:/Users/marknorgate/Documents/source/turner-townsend/technical-test/src/app/core/store/index.ts
FNF:0
FNH:0
LF:0
LH:0
BRF:0
BRH:0
end_of_record
TN:
SF:/Users/marknorgate/Documents/source/turner-townsend/technical-test/src/app/core/store/actions/featured-playlists.actions.ts
FNF:0
FNH:0
DA:7,1
DA:11,1
DA:16,1
DA:21,1
DA:26,1
LF:5
LH:5
BRF:0
BRH:0
end_of_record
TN:
SF:/Users/marknorgate/Documents/source/turner-townsend/technical-test/src/app/core/store/actions/index.ts
FNF:0
FNH:0
LF:0
LH:0
BRF:0
BRH:0
end_of_record
TN:
SF:/Users/marknorgate/Documents/source/turner-townsend/technical-test/src/app/core/store/effects/featured-playlists.effects.ts
FN:25,(anonymous_0)
FN:15,(anonymous_1)
FN:17,(anonymous_2)
FN:19,(anonymous_3)
FN:20,(anonymous_4)
FNF:5
FNH:5
FNDA:4,(anonymous_0)
FNDA:4,(anonymous_1)
FNDA:2,(anonymous_2)
FNDA:1,(anonymous_3)
FNDA:1,(anonymous_4)
DA:13,1
DA:15,4
DA:17,2
DA:19,1
DA:20,1
DA:25,4
LF:6
LH:6
BRF:0
BRH:0
end_of_record
TN:
SF:/Users/marknorgate/Documents/source/turner-townsend/technical-test/src/app/core/store/effects/index.ts
FNF:0
FNH:0
LF:0
LH:0
BRF:0
BRH:0
end_of_record
TN:
SF:/Users/marknorgate/Documents/source/turner-townsend/technical-test/src/app/core/store/reducers/featured-playlists.reducer.ts
FN:32,(anonymous_0)
FN:38,(anonymous_1)
FN:45,(anonymous_2)
FN:49,(anonymous_3)
FN:55,(anonymous_4)
FN:62,featuredPlaylistsReducer
FNF:6
FNH:6
FNDA:1,(anonymous_0)
FNDA:1,(anonymous_1)
FNDA:1,(anonymous_2)
FNDA:1,(anonymous_3)
FNDA:1,(anonymous_4)
FNDA:8,featuredPlaylistsReducer
DA:18,1
DA:30,1
DA:32,1
DA:38,1
DA:45,1
DA:49,1
DA:55,1
DA:63,8
LF:8
LH:8
BRF:0
BRH:0
end_of_record
TN:
SF:/Users/marknorgate/Documents/source/turner-townsend/technical-test/src/app/core/store/reducers/index.ts
FNF:0
FNH:0
LF:0
LH:0
BRF:0
BRH:0
end_of_record
TN:
SF:/Users/marknorgate/Documents/source/turner-townsend/technical-test/src/app/core/store/selectors/featured-playlists.selectors.ts
FN:6,(anonymous_0)
FN:10,(anonymous_1)
FN:15,(anonymous_2)
FN:20,(anonymous_3)
FN:25,(anonymous_4)
FN:30,(anonymous_5)
FN:36,(anonymous_6)
FN:39,(anonymous_7)
FN:48,(anonymous_8)
FN:56,(anonymous_9)
FNF:10
FNH:9
FNDA:21,(anonymous_0)
FNDA:1,(anonymous_1)
FNDA:8,(anonymous_2)
FNDA:8,(anonymous_3)
FNDA:1,(anonymous_4)
FNDA:1,(anonymous_5)
FNDA:1,(anonymous_6)
FNDA:44,(anonymous_7)
FNDA:0,(anonymous_8)
FNDA:8,(anonymous_9)
DA:6,21
DA:8,1
DA:10,1
DA:13,1
DA:15,8
DA:18,1
DA:20,8
DA:23,1
DA:25,1
DA:28,1
DA:30,1
DA:33,1
DA:36,1
DA:39,44
DA:44,1
DA:48,0
DA:54,1
DA:56,8
LF:18
LH:17
BRF:0
BRH:0
end_of_record
TN:
SF:/Users/marknorgate/Documents/source/turner-townsend/technical-test/src/app/core/store/selectors/index.ts
FNF:0
FNH:0
LF:0
LH:0
BRF:0
BRH:0
end_of_record
TN:
SF:/Users/marknorgate/Documents/source/turner-townsend/technical-test/src/app/core/store/selectors/router.selectors.ts
FN:5,(anonymous_0)
FNF:1
FNH:0
FNDA:0,(anonymous_0)
DA:5,1
DA:7,1
DA:9,1
LF:3
LH:3
BRF:0
BRH:0
end_of_record
TN:
SF:/Users/marknorgate/Documents/source/turner-townsend/technical-test/src/app/material/material.module.ts
FNF:0
FNH:0
DA:17,1
DA:41,1
LF:2
LH:2
BRF:0
BRH:0
end_of_record
TN:
SF:/Users/marknorgate/Documents/source/turner-townsend/technical-test/src/environments/environment.ts
FNF:0
FNH:0
DA:1,1
LF:1
LH:1
BRF:0
BRH:0
end_of_record
TN:
SF:/Users/marknorgate/Documents/source/turner-townsend/technical-test/src/mocks/mocks.ts
FNF:0
FNH:0
DA:6,1
DA:364,1
DA:373,1
LF:3
LH:3
BRF:0
BRH:0
end_of_record
